[debug] [2023-03-22T03:01:35.807Z] ----------------------------------------------------------------------
[debug] [2023-03-22T03:01:35.812Z] Command:       /usr/bin/node /usr/bin/firebase init
[debug] [2023-03-22T03:01:35.814Z] CLI Version:   11.25.1
[debug] [2023-03-22T03:01:35.814Z] Platform:      linux
[debug] [2023-03-22T03:01:35.815Z] Node Version:  v16.19.0
[debug] [2023-03-22T03:01:35.816Z] Time:          Wed Mar 22 2023 11:01:35 GMT+0800 (Singapore Standard Time)
[debug] [2023-03-22T03:01:35.816Z] ----------------------------------------------------------------------
[debug] 
[debug] [2023-03-22T03:01:35.822Z] >>> [apiv2][query] GET https://firebase-public.firebaseio.com/cli.json [none]
[debug] [2023-03-22T03:01:35.884Z] > command requires scopes: ["email","openid","https://www.googleapis.com/auth/cloudplatformprojects.readonly","https://www.googleapis.com/auth/firebase","https://www.googleapis.com/auth/cloud-platform"]
[debug] [2023-03-22T03:01:35.885Z] > authorizing via signed-in user (normankwok97@gmail.com)
[info] 
     ######## #### ########  ######## ########     ###     ######  ########
     ##        ##  ##     ## ##       ##     ##  ##   ##  ##       ##
     ######    ##  ########  ######   ########  #########  ######  ######
     ##        ##  ##    ##  ##       ##     ## ##     ##       ## ##
     ##       #### ##     ## ######## ########  ##     ##  ######  ########

You're about to initialize a Firebase project in this directory:

  /mnt/c/Users/norma/Desktop/Bootcamp/m2/film-o-rama

Before we get started, keep in mind:

  * You are currently outside your home directory

[debug] [2023-03-22T03:01:36.499Z] <<< [apiv2][status] GET https://firebase-public.firebaseio.com/cli.json 200
[debug] [2023-03-22T03:01:36.499Z] <<< [apiv2][body] GET https://firebase-public.firebaseio.com/cli.json {"cloudBuildErrorAfter":1594252800000,"cloudBuildWarnAfter":1590019200000,"defaultNode10After":1594252800000,"minVersion":"3.0.5","node8DeploysDisabledAfter":1613390400000,"node8RuntimeDisabledAfter":1615809600000,"node8WarnAfter":1600128000000}
